#
# There is insufficient memory for the Java Runtime Environment to continue.
# Native memory allocation (malloc) failed to allocate 32744 bytes. Error detail: Chunk::new
# Possible reasons:
#   The system is out of physical RAM or swap space
#   This process is running with CompressedOops enabled, and the Java Heap may be blocking the growth of the native heap
# Possible solutions:
#   Reduce memory load on the system
#   Increase physical memory or swap space
#   Check if swap backing store is full
#   Decrease Java heap size (-Xmx/-Xms)
#   Decrease number of Java threads
#   Decrease Java thread stack sizes (-Xss)
#   Set larger code cache with -XX:ReservedCodeCacheSize=
#   JVM is running with Unscaled Compressed Oops mode in which the Java heap is
#     placed in the first 4GB address space. The Java Heap base address is the
#     maximum limit for the native heap growth. Please use -XX:HeapBaseMinAddress
#     to set the Java Heap base and to place the Java Heap above 4GB virtual address.
# This output file may be truncated or incomplete.
#
#  Out of Memory Error (arena.cpp:168), pid=13264, tid=9960
#
# JRE version: OpenJDK Runtime Environment Temurin-21.0.10+7 (21.0.10+7) (build 21.0.10+7-LTS)
# Java VM: OpenJDK 64-Bit Server VM Temurin-21.0.10+7 (21.0.10+7-LTS, mixed mode, sharing, tiered, compressed oops, compressed class ptrs, parallel gc, windows-amd64)
# No core dump will be written. Minidumps are not enabled by default on client versions of Windows
#

---------------  S U M M A R Y ------------

Command Line: --add-modules=ALL-SYSTEM --add-opens=java.base/java.util=ALL-UNNAMED --add-opens=java.base/java.lang=ALL-UNNAMED --add-opens=java.base/sun.nio.fs=ALL-UNNAMED -Declipse.application=org.eclipse.jdt.ls.core.id1 -Dosgi.bundles.defaultStartLevel=4 -Declipse.product=org.eclipse.jdt.ls.core.product -Djava.import.generatesMetadataFilesAtProjectRoot=false -DDetectVMInstallationsJob.disabled=true -Dfile.encoding=utf8 -XX:+UseParallelGC -XX:GCTimeRatio=4 -XX:AdaptiveSizePolicyWeight=90 -Dsun.zip.disableMemoryMapping=true -Xmx2G -Xms100m -Xlog:disable -javaagent:c:\Users\italo\.vscode\extensions\redhat.java-1.54.0-win32-x64\lombok\lombok-1.18.39-4050.jar -XX:+HeapDumpOnOutOfMemoryError -XX:HeapDumpPath=c:\Users\italo\AppData\Roaming\Code\User\workspaceStorage\94296e4c035721a77ae9e0e195f42263\redhat.java -Daether.dependencyCollector.impl=bf c:\Users\italo\.vscode\extensions\redhat.java-1.54.0-win32-x64\server\plugins\org.eclipse.equinox.launcher_1.7.100.v20251111-0406.jar -configuration c:\Users\italo\AppData\Roaming\Code\User\globalStorage\redhat.java\1.54.0\config_win -data c:\Users\italo\AppData\Roaming\Code\User\workspaceStorage\94296e4c035721a77ae9e0e195f42263\redhat.java\jdt_ws --pipe=\\.\pipe\lsp-5511e2c8bff2c3acf139237d590e8b4e-sock

Host: AMD Ryzen 7 5700U with Radeon Graphics         , 16 cores, 5G,  Windows 11 , 64 bit Build 26100 (10.0.26100.8521)
Time: Sat Jun 20 14:56:07 2026 Hora oficial do Brasil elapsed time: 291.339330 seconds (0d 0h 4m 51s)

---------------  T H R E A D  ---------------

Current thread (0x000001ab3d386ad0):  JavaThread "C2 CompilerThread0" daemon [_thread_in_native, id=9960, stack(0x0000002667c00000,0x0000002667d00000) (1024K)]


Current CompileTask:
C2:291339 11672       4       java.util.regex.Pattern::atom (422 bytes)

Stack: [0x0000002667c00000,0x0000002667d00000]
Native frames: (J=compiled Java code, j=interpreted, Vv=VM code, C=native code)
V  [jvm.dll+0x6d7a39]
V  [jvm.dll+0x8b4b26]
V  [jvm.dll+0x8b70de]
V  [jvm.dll+0x8b77c3]
V  [jvm.dll+0x284346]
V  [jvm.dll+0xc66ed]
V  [jvm.dll+0xc6c31]
V  [jvm.dll+0x14885e]
V  [jvm.dll+0x1477db]
V  [jvm.dll+0x6dcfa8]
V  [jvm.dll+0x24c92b]
V  [jvm.dll+0x24bb40]
V  [jvm.dll+0x1cb34e]
V  [jvm.dll+0x25b85d]
V  [jvm.dll+0x259dea]
V  [jvm.dll+0x3f857e]
V  [jvm.dll+0x85f59d]
V  [jvm.dll+0x6d626d]
C  [ucrtbase.dll+0x2cd30]
C  [KERNEL32.DLL+0x2e957]
C  [ntdll.dll+0x87c1c]


---------------  P R O C E S S  ---------------

Threads class SMR info:
_java_thread_list=0x000001aba18a9d80, length=54, elements={
0x000001ab3d2cdf50, 0x000001ab55aae0b0, 0x000001ab3d36ef60, 0x000001ab3d376e70,
0x000001ab3d3778d0, 0x000001ab3d37e410, 0x000001ab3d382740, 0x000001ab3d386ad0,
0x000001ab3d38e910, 0x000001ab9822d3c0, 0x000001ab98379db0, 0x000001ab9e584660,
0x000001ab9e8b83c0, 0x000001ab9e988900, 0x000001ab9e800080, 0x000001ab9efb5940,
0x000001ab9f3b2360, 0x000001ab9ed7deb0, 0x000001ab982e2ee0, 0x000001ab982e4920,
0x000001ab982e14a0, 0x000001ab982e1b30, 0x000001ab982e21c0, 0x000001ab982e2850,
0x000001aba01ffca0, 0x000001aba0201050, 0x000001aba02009c0, 0x000001aba01fef80,
0x000001aba02016e0, 0x000001aba0200330, 0x000001aba0201d70, 0x000001aba0202400,
0x000001aba0202a90, 0x000001aba01ff610, 0x000001aba0205880, 0x000001aba02065a0,
0x000001aba0203120, 0x000001aba02037b0, 0x000001aba0203e40, 0x000001aba0204b60,
0x000001aba02051f0, 0x000001aba0205f10, 0x000001ab9f316c60, 0x000001ab9f318d30,
0x000001ab9f315f40, 0x000001ab9f317980, 0x000001ab9f3186a0, 0x000001ab9f3165d0,
0x000001ab9f31a0e0, 0x000001ab9f3172f0, 0x000001ab9f31c840, 0x000001ab9f31ae00,
0x000001ab9f31b490, 0x000001aba10a9ce0
}

Java Threads: ( => current thread )
  0x000001ab3d2cdf50 JavaThread "main"                              [_thread_blocked, id=13060, stack(0x0000002667200000,0x0000002667300000) (1024K)]
  0x000001ab55aae0b0 JavaThread "Reference Handler"          daemon [_thread_blocked, id=24908, stack(0x0000002667600000,0x0000002667700000) (1024K)]
  0x000001ab3d36ef60 JavaThread "Finalizer"                  daemon [_thread_blocked, id=17752, stack(0x0000002667700000,0x0000002667800000) (1024K)]
  0x000001ab3d376e70 JavaThread "Signal Dispatcher"          daemon [_thread_blocked, id=25656, stack(0x0000002667800000,0x0000002667900000) (1024K)]
  0x000001ab3d3778d0 JavaThread "Attach Listener"            daemon [_thread_blocked, id=25252, stack(0x0000002667900000,0x0000002667a00000) (1024K)]
  0x000001ab3d37e410 JavaThread "Service Thread"             daemon [_thread_blocked, id=24428, stack(0x0000002667a00000,0x0000002667b00000) (1024K)]
  0x000001ab3d382740 JavaThread "Monitor Deflation Thread"   daemon [_thread_blocked, id=22096, stack(0x0000002667b00000,0x0000002667c00000) (1024K)]
=>0x000001ab3d386ad0 JavaThread "C2 CompilerThread0"         daemon [_thread_in_native, id=9960, stack(0x0000002667c00000,0x0000002667d00000) (1024K)]
  0x000001ab3d38e910 JavaThread "C1 CompilerThread0"         daemon [_thread_blocked, id=24108, stack(0x0000002667d00000,0x0000002667e00000) (1024K)]
  0x000001ab9822d3c0 JavaThread "Common-Cleaner"             daemon [_thread_blocked, id=14836, stack(0x0000002668000000,0x0000002668100000) (1024K)]
  0x000001ab98379db0 JavaThread "Notification Thread"        daemon [_thread_blocked, id=11196, stack(0x0000002668100000,0x0000002668200000) (1024K)]
  0x000001ab9e584660 JavaThread "Active Thread: Equinox Container: eb726afc-2f31-457b-9100-5e5ea6cd2016"        [_thread_blocked, id=24040, stack(0x0000002668800000,0x0000002668900000) (1024K)]
  0x000001ab9e8b83c0 JavaThread "Refresh Thread: Equinox Container: eb726afc-2f31-457b-9100-5e5ea6cd2016" daemon [_thread_blocked, id=5508, stack(0x0000002668a00000,0x0000002668b00000) (1024K)]
  0x000001ab9e988900 JavaThread "Framework Event Dispatcher: Equinox Container: eb726afc-2f31-457b-9100-5e5ea6cd2016" daemon [_thread_blocked, id=14128, stack(0x0000002668b00000,0x0000002668c00000) (1024K)]
  0x000001ab9e800080 JavaThread "Start Level: Equinox Container: eb726afc-2f31-457b-9100-5e5ea6cd2016" daemon [_thread_blocked, id=22360, stack(0x0000002668c00000,0x0000002668d00000) (1024K)]
  0x000001ab9efb5940 JavaThread "Bundle File Closer"         daemon [_thread_blocked, id=9680, stack(0x0000002669000000,0x0000002669100000) (1024K)]
  0x000001ab9f3b2360 JavaThread "SCR Component Actor"        daemon [_thread_blocked, id=3304, stack(0x0000002667f00000,0x0000002668000000) (1024K)]
  0x000001ab9ed7deb0 JavaThread "Worker-JM"                         [_thread_blocked, id=21560, stack(0x0000002669200000,0x0000002669300000) (1024K)]
  0x000001ab982e2ee0 JavaThread "JNA Cleaner"                daemon [_thread_blocked, id=15596, stack(0x0000002669100000,0x0000002669200000) (1024K)]
  0x000001ab982e4920 JavaThread "Java indexing"              daemon [_thread_blocked, id=8992, stack(0x0000002669800000,0x0000002669900000) (1024K)]
  0x000001ab982e14a0 JavaThread "Worker-3"                          [_thread_blocked, id=9684, stack(0x0000002669c00000,0x0000002669d00000) (1024K)]
  0x000001ab982e1b30 JavaThread "Thread-1"                   daemon [_thread_in_native, id=6004, stack(0x0000002669d00000,0x0000002669e00000) (1024K)]
  0x000001ab982e21c0 JavaThread "Thread-2"                   daemon [_thread_in_native, id=24180, stack(0x0000002669e00000,0x0000002669f00000) (1024K)]
  0x000001ab982e2850 JavaThread "Thread-3"                   daemon [_thread_in_native, id=23192, stack(0x0000002669f00000,0x000000266a000000) (1024K)]
  0x000001aba01ffca0 JavaThread "Thread-4"                   daemon [_thread_in_native, id=13516, stack(0x000000266a000000,0x000000266a100000) (1024K)]
  0x000001aba0201050 JavaThread "Thread-5"                   daemon [_thread_in_native, id=14172, stack(0x000000266a100000,0x000000266a200000) (1024K)]
  0x000001aba02009c0 JavaThread "Thread-6"                   daemon [_thread_in_native, id=24536, stack(0x000000266a200000,0x000000266a300000) (1024K)]
  0x000001aba01fef80 JavaThread "Thread-7"                   daemon [_thread_in_native, id=24304, stack(0x000000266a300000,0x000000266a400000) (1024K)]
  0x000001aba02016e0 JavaThread "Thread-8"                   daemon [_thread_in_native, id=24604, stack(0x000000266a400000,0x000000266a500000) (1024K)]
  0x000001aba0200330 JavaThread "Thread-9"                   daemon [_thread_in_native, id=20804, stack(0x000000266a500000,0x000000266a600000) (1024K)]
  0x000001aba0201d70 JavaThread "Thread-10"                  daemon [_thread_in_native, id=15540, stack(0x000000266a600000,0x000000266a700000) (1024K)]
  0x000001aba0202400 JavaThread "Thread-11"                  daemon [_thread_in_native, id=15644, stack(0x000000266a700000,0x000000266a800000) (1024K)]
  0x000001aba0202a90 JavaThread "Thread-12"                  daemon [_thread_in_native, id=22980, stack(0x000000266a800000,0x000000266a900000) (1024K)]
  0x000001aba01ff610 JavaThread "Thread-13"                  daemon [_thread_in_native, id=1748, stack(0x000000266a900000,0x000000266aa00000) (1024K)]
  0x000001aba0205880 JavaThread "Thread-14"                  daemon [_thread_in_native, id=23228, stack(0x000000266aa00000,0x000000266ab00000) (1024K)]
  0x000001aba02065a0 JavaThread "Thread-15"                  daemon [_thread_in_native, id=26048, stack(0x000000266ab00000,0x000000266ac00000) (1024K)]
  0x000001aba0203120 JavaThread "Thread-16"                  daemon [_thread_in_native, id=24624, stack(0x000000266ac00000,0x000000266ad00000) (1024K)]
  0x000001aba02037b0 JavaThread "Thread-17"                  daemon [_thread_in_native, id=16348, stack(0x000000266ad00000,0x000000266ae00000) (1024K)]
  0x000001aba0203e40 JavaThread "pool-2-thread-1"                   [_thread_blocked, id=18748, stack(0x000000266ae00000,0x000000266af00000) (1024K)]
  0x000001aba0204b60 JavaThread "Worker-4"                          [_thread_blocked, id=11428, stack(0x000000266b000000,0x000000266b100000) (1024K)]
  0x000001aba02051f0 JavaThread "WorkspaceEventsHandler"            [_thread_blocked, id=16812, stack(0x000000266b100000,0x000000266b200000) (1024K)]
  0x000001aba0205f10 JavaThread "pool-1-thread-1"                   [_thread_blocked, id=7204, stack(0x000000266b200000,0x000000266b300000) (1024K)]
  0x000001ab9f316c60 JavaThread "ForkJoinPool.commonPool-worker-1" daemon [_thread_blocked, id=460, stack(0x000000266b400000,0x000000266b500000) (1024K)]
  0x000001ab9f318d30 JavaThread "ForkJoinPool.commonPool-worker-3" daemon [_thread_blocked, id=24788, stack(0x000000266b600000,0x000000266b700000) (1024K)]
  0x000001ab9f315f40 JavaThread "ForkJoinPool.commonPool-worker-4" daemon [_thread_blocked, id=23636, stack(0x000000266b700000,0x000000266b800000) (1024K)]
  0x000001ab9f317980 JavaThread "ForkJoinPool.commonPool-worker-5" daemon [_thread_blocked, id=19700, stack(0x000000266b800000,0x000000266b900000) (1024K)]
  0x000001ab9f3186a0 JavaThread "ForkJoinPool.commonPool-worker-6" daemon [_thread_blocked, id=25972, stack(0x000000266b900000,0x000000266ba00000) (1024K)]
  0x000001ab9f3165d0 JavaThread "ForkJoinPool.commonPool-worker-7" daemon [_thread_blocked, id=10976, stack(0x000000266ba00000,0x000000266bb00000) (1024K)]
  0x000001ab9f31a0e0 JavaThread "ForkJoinPool.commonPool-worker-10" daemon [_thread_blocked, id=20896, stack(0x000000266bd00000,0x000000266be00000) (1024K)]
  0x000001ab9f3172f0 JavaThread "ForkJoinPool.commonPool-worker-11" daemon [_thread_blocked, id=10004, stack(0x000000266be00000,0x000000266bf00000) (1024K)]
  0x000001ab9f31c840 JavaThread "ForkJoinPool.commonPool-worker-12" daemon [_thread_blocked, id=14028, stack(0x000000266bf00000,0x000000266c000000) (1024K)]
  0x000001ab9f31ae00 JavaThread "ForkJoinPool.commonPool-worker-13" daemon [_thread_blocked, id=15156, stack(0x000000266c000000,0x000000266c100000) (1024K)]
  0x000001ab9f31b490 JavaThread "ForkJoinPool.commonPool-worker-15" daemon [_thread_blocked, id=5904, stack(0x000000266c200000,0x000000266c300000) (1024K)]
  0x000001aba10a9ce0 JavaThread "C2 CompilerThread1"         daemon [_thread_blocked, id=3056, stack(0x0000002666f00000,0x0000002667000000) (1024K)]
Total: 54

Other Threads:
  0x000001ab55a92750 VMThread "VM Thread"                           [id=23756, stack(0x0000002667500000,0x0000002667600000) (1024K)]
  0x000001ab5598c8d0 WatcherThread "VM Periodic Task Thread"        [id=24980, stack(0x0000002667400000,0x0000002667500000) (1024K)]
  0x000001ab3d2ec390 WorkerThread "GC Thread#0"                     [id=7212, stack(0x0000002667300000,0x0000002667400000) (1024K)]
  0x000001ab9e555100 WorkerThread "GC Thread#1"                     [id=2188, stack(0x0000002668200000,0x0000002668300000) (1024K)]
  0x000001ab9e50efe0 WorkerThread "GC Thread#2"                     [id=13424, stack(0x0000002668300000,0x0000002668400000) (1024K)]
  0x000001ab9e50f390 WorkerThread "GC Thread#3"                     [id=10360, stack(0x0000002668400000,0x0000002668500000) (1024K)]
  0x000001ab9e50fb40 WorkerThread "GC Thread#4"                     [id=10280, stack(0x0000002668500000,0x0000002668600000) (1024K)]
  0x000001ab9e510910 WorkerThread "GC Thread#5"                     [id=12336, stack(0x0000002668600000,0x0000002668700000) (1024K)]
  0x000001ab9e510cc0 WorkerThread "GC Thread#6"                     [id=20268, stack(0x0000002668700000,0x0000002668800000) (1024K)]
  0x000001ab9e3f8d80 WorkerThread "GC Thread#7"                     [id=4468, stack(0x0000002668900000,0x0000002668a00000) (1024K)]
  0x000001ab9ecc6ab0 WorkerThread "GC Thread#8"                     [id=11516, stack(0x0000002668d00000,0x0000002668e00000) (1024K)]
  0x000001ab9ecc6e60 WorkerThread "GC Thread#9"                     [id=21136, stack(0x0000002668e00000,0x0000002668f00000) (1024K)]
  0x000001ab9ecc7210 WorkerThread "GC Thread#10"                    [id=13144, stack(0x0000002668f00000,0x0000002669000000) (1024K)]
  0x000001ab9ee301e0 WorkerThread "GC Thread#11"                    [id=24780, stack(0x0000002669300000,0x0000002669400000) (1024K)]
  0x000001ab9ee30590 WorkerThread "GC Thread#12"                    [id=10612, stack(0x0000002669400000,0x0000002669500000) (1024K)]
Total: 15

Threads with active compile tasks:
C2 CompilerThread0  291364 11672       4       java.util.regex.Pattern::atom (422 bytes)
Total: 1

VM state: not at safepoint (normal execution)

VM Mutex/Monitor currently owned by a thread: None

Heap address: 0x0000000080000000, size: 2048 MB, Compressed Oops mode: 32-bit

CDS archive(s) mapped at: [0x000001ab56000000-0x000001ab56ba0000-0x000001ab56ba0000), size 12189696, SharedBaseAddress: 0x000001ab56000000, ArchiveRelocationMode: 1.
Compressed class space mapped at: 0x000001ab57000000-0x000001ab97000000, reserved size: 1073741824
Narrow klass base: 0x000001ab56000000, Narrow klass shift: 0, Narrow klass range: 0x100000000

GC Precious Log:
 CardTable entry size: 512
 CPUs: 16 total, 16 available
 Memory: 5989M
 Large Page Support: Disabled
 NUMA Support: Disabled
 Compressed Oops: Enabled (32-bit)
 Alignments: Space 512K, Generation 512K, Heap 2M
 Heap Min Capacity: 100M
 Heap Initial Capacity: 100M
 Heap Max Capacity: 2G
 Pre-touch: Disabled
 Parallel Workers: 13

Heap:
 PSYoungGen      total 10240K, used 8769K [0x00000000d5580000, 0x00000000d6280000, 0x0000000100000000)
  eden space 8192K, 82% used [0x00000000d5580000,0x00000000d5c20630,0x00000000d5d80000)
  from space 2048K, 96% used [0x00000000d6080000,0x00000000d6270000,0x00000000d6280000)
  to   space 2048K, 0% used [0x00000000d5e80000,0x00000000d5e80000,0x00000000d6080000)
 ParOldGen       total 162304K, used 162238K [0x0000000080000000, 0x0000000089e80000, 0x00000000d5580000)
  object space 162304K, 99% used [0x0000000080000000,0x0000000089e6fab8,0x0000000089e80000)
 Metaspace       used 64976K, committed 66496K, reserved 1114112K
  class space    used 6844K, committed 7488K, reserved 1048576K

Card table byte_map: [0x000001ab50dc0000,0x000001ab511d0000] _byte_map_base: 0x000001ab509c0000

Marking Bits: (ParMarkBitMap*) 0x00007ffe84c43450
 Begin Bits: [0x000001ab51480000, 0x000001ab53480000)
 End Bits:   [0x000001ab53480000, 0x000001ab55480000)

Polling page: 0x000001ab3d390000

Metaspace:

Usage:
  Non-class:     56.77 MB used.
      Class:      6.68 MB used.
       Both:     63.45 MB used.

Virtual space:
  Non-class space:       64.00 MB reserved,      57.62 MB ( 90%) committed,  1 nodes.
      Class space:        1.00 GB reserved,       7.31 MB ( <1%) committed,  1 nodes.
             Both:        1.06 GB reserved,      64.94 MB (  6%) committed. 

Chunk freelists:
   Non-Class:  5.73 MB
       Class:  8.57 MB
        Both:  14.30 MB

MaxMetaspaceSize: unlimited
CompressedClassSpaceSize: 1.00 GB
Initial GC threshold: 21.00 MB
Current GC threshold: 97.31 MB
CDS: on
 - commit_granule_bytes: 65536.
 - commit_granule_words: 8192.
 - virtual_space_node_default_size: 8388608.
 - enlarge_chunks_in_place: 1.
 - use_allocation_guard: 0.


Internal statistics:

num_allocs_failed_limit: 11.
num_arena_births: 1220.
num_arena_deaths: 18.
num_vsnodes_births: 2.
num_vsnodes_deaths: 0.
num_space_committed: 1039.
num_space_uncommitted: 0.
num_chunks_returned_to_freelist: 30.
num_chunks_taken_from_freelist: 4238.
num_chunk_merges: 14.
num_chunk_splits: 2645.
num_chunks_enlarged: 1488.
num_inconsistent_stats: 0.

CodeHeap 'non-profiled nmethods': size=119168Kb used=5939Kb max_used=5939Kb free=113228Kb
 bounds [0x000001ab49770000, 0x000001ab49d40000, 0x000001ab50bd0000]
CodeHeap 'profiled nmethods': size=119104Kb used=24384Kb max_used=24384Kb free=94719Kb
 bounds [0x000001ab41bd0000, 0x000001ab433b0000, 0x000001ab49020000]
CodeHeap 'non-nmethods': size=7488Kb used=1446Kb max_used=3195Kb free=6041Kb
 bounds [0x000001ab49020000, 0x000001ab493a0000, 0x000001ab49770000]
CodeCache: size=245760Kb, used=31769Kb, max_used=33518Kb, free=213988Kb
 total_blobs=11718, nmethods=10971, adapters=651, full_count=0
Compilation: enabled, stopped_count=0, restarted_count=0

Compilation events (20 events):
Event: 286.671 Thread 0x000001ab3d38e910 nmethod 11670 0x000001ab49d38510 code [0x000001ab49d386a0, 0x000001ab49d38828]
Event: 286.673 Thread 0x000001ab3d38e910 11671       3       java.util.concurrent.ForkJoinPool::scan (263 bytes)
Event: 286.674 Thread 0x000001ab3d38e910 nmethod 11671 0x000001ab4339e210 code [0x000001ab4339e440, 0x000001ab4339ebf8]
Event: 286.681 Thread 0x000001ab3d386ad0 nmethod 11669 0x000001ab49d38890 code [0x000001ab49d38aa0, 0x000001ab49d39448]
Event: 287.262 Thread 0x000001ab3d386ad0 11672       4       java.util.regex.Pattern::atom (422 bytes)
Event: 287.262 Thread 0x000001ab3d38e910 11673   !   3       java.io.InputStream::read (81 bytes)
Event: 287.263 Thread 0x000001ab3d38e910 nmethod 11673 0x000001ab4339ef10 code [0x000001ab4339f120, 0x000001ab4339f7c0]
Event: 287.264 Thread 0x000001ab3d38e910 11674       3       org.eclipse.jdt.internal.core.manipulation.JavaElementLabelComposerCore::getFlag (12 bytes)
Event: 287.265 Thread 0x000001ab3d38e910 nmethod 11674 0x000001ab4339fa10 code [0x000001ab4339fbc0, 0x000001ab4339fd18]
Event: 287.265 Thread 0x000001ab3d38e910 11675       1       org.eclipse.jdt.core.SourceRange::getOffset (5 bytes)
Event: 287.265 Thread 0x000001ab3d38e910 nmethod 11675 0x000001ab49d39910 code [0x000001ab49d39aa0, 0x000001ab49d39b68]
Event: 287.267 Thread 0x000001ab3d38e910 11680       3       org.eclipse.jdt.core.compiler.CharOperation::lastIndexOf (24 bytes)
Event: 287.267 Thread 0x000001ab3d38e910 nmethod 11680 0x000001ab4339fd90 code [0x000001ab4339ff40, 0x000001ab433a0168]
Event: 287.268 Thread 0x000001aba10a9ce0 11677       4       java.net.URI$Parser::scan (53 bytes)
Event: 287.273 Thread 0x000001aba10a9ce0 nmethod 11677 0x000001ab49d39c10 code [0x000001ab49d39e00, 0x000001ab49d3a460]
Event: 287.273 Thread 0x000001aba10a9ce0 11679       4       java.util.regex.Matcher::<init> (95 bytes)
Event: 287.285 Thread 0x000001aba10a9ce0 nmethod 11679 0x000001ab49d3a990 code [0x000001ab49d3ab60, 0x000001ab49d3b280]
Event: 287.285 Thread 0x000001aba10a9ce0 11678       4       java.util.regex.Pattern$TreeInfo::reset (21 bytes)
Event: 287.286 Thread 0x000001aba10a9ce0 nmethod 11678 0x000001ab49d3b510 code [0x000001ab49d3b6a0, 0x000001ab49d3b738]
Event: 287.286 Thread 0x000001aba10a9ce0 11676       4       com.google.gson.stream.JsonWriter::beforeName (49 bytes)

GC Heap History (20 events):
Event: 17.149 GC heap before
{Heap before GC invocations=94 (full 3):
 PSYoungGen      total 5120K, used 4825K [0x00000000d5580000, 0x00000000d5f00000, 0x0000000100000000)
  eden space 3072K, 100% used [0x00000000d5580000,0x00000000d5880000,0x00000000d5880000)
  from space 2048K, 85% used [0x00000000d5d00000,0x00000000d5eb67d0,0x00000000d5f00000)
  to   space 2560K, 0% used [0x00000000d5a00000,0x00000000d5a00000,0x00000000d5c80000)
 ParOldGen       total 139776K, used 139595K [0x0000000080000000, 0x0000000088880000, 0x00000000d5580000)
  object space 139776K, 99% used [0x0000000080000000,0x0000000088852c28,0x0000000088880000)
 Metaspace       used 64514K, committed 66048K, reserved 1114112K
  class space    used 6798K, committed 7488K, reserved 1048576K
}
Event: 17.151 GC heap after
{Heap after GC invocations=94 (full 3):
 PSYoungGen      total 6656K, used 2538K [0x00000000d5580000, 0x00000000d6380000, 0x0000000100000000)
  eden space 4096K, 0% used [0x00000000d5580000,0x00000000d5580000,0x00000000d5980000)
  from space 2560K, 99% used [0x00000000d5a00000,0x00000000d5c7abd8,0x00000000d5c80000)
  to   space 5120K, 0% used [0x00000000d5e80000,0x00000000d5e80000,0x00000000d6380000)
 ParOldGen       total 141312K, used 141244K [0x0000000080000000, 0x0000000088a00000, 0x00000000d5580000)
  object space 141312K, 99% used [0x0000000080000000,0x00000000889ef3f8,0x0000000088a00000)
 Metaspace       used 64514K, committed 66048K, reserved 1114112K
  class space    used 6798K, committed 7488K, reserved 1048576K
}
Event: 17.157 GC heap before
{Heap before GC invocations=95 (full 3):
 PSYoungGen      total 6656K, used 6634K [0x00000000d5580000, 0x00000000d6380000, 0x0000000100000000)
  eden space 4096K, 100% used [0x00000000d5580000,0x00000000d5980000,0x00000000d5980000)
  from space 2560K, 99% used [0x00000000d5a00000,0x00000000d5c7abd8,0x00000000d5c80000)
  to   space 5120K, 0% used [0x00000000d5e80000,0x00000000d5e80000,0x00000000d6380000)
 ParOldGen       total 141312K, used 141244K [0x0000000080000000, 0x0000000088a00000, 0x00000000d5580000)
  object space 141312K, 99% used [0x0000000080000000,0x00000000889ef3f8,0x0000000088a00000)
 Metaspace       used 64515K, committed 66048K, reserved 1114112K
  class space    used 6798K, committed 7488K, reserved 1048576K
}
Event: 17.160 GC heap after
{Heap after GC invocations=95 (full 3):
 PSYoungGen      total 7168K, used 2016K [0x00000000d5580000, 0x00000000d6080000, 0x0000000100000000)
  eden space 5120K, 0% used [0x00000000d5580000,0x00000000d5580000,0x00000000d5a80000)
  from space 2048K, 98% used [0x00000000d5e80000,0x00000000d6078000,0x00000000d6080000)
  to   space 3072K, 0% used [0x00000000d5a80000,0x00000000d5a80000,0x00000000d5d80000)
 ParOldGen       total 143872K, used 143670K [0x0000000080000000, 0x0000000088c80000, 0x00000000d5580000)
  object space 143872K, 99% used [0x0000000080000000,0x0000000088c4daa8,0x0000000088c80000)
 Metaspace       used 64515K, committed 66048K, reserved 1114112K
  class space    used 6798K, committed 7488K, reserved 1048576K
}
Event: 17.168 GC heap before
{Heap before GC invocations=96 (full 3):
 PSYoungGen      total 7168K, used 7136K [0x00000000d5580000, 0x00000000d6080000, 0x0000000100000000)
  eden space 5120K, 100% used [0x00000000d5580000,0x00000000d5a80000,0x00000000d5a80000)
  from space 2048K, 98% used [0x00000000d5e80000,0x00000000d6078000,0x00000000d6080000)
  to   space 3072K, 0% used [0x00000000d5a80000,0x00000000d5a80000,0x00000000d5d80000)
 ParOldGen       total 143872K, used 143670K [0x0000000080000000, 0x0000000088c80000, 0x00000000d5580000)
  object space 143872K, 99% used [0x0000000080000000,0x0000000088c4daa8,0x0000000088c80000)
 Metaspace       used 64515K, committed 66048K, reserved 1114112K
  class space    used 6798K, committed 7488K, reserved 1048576K
}
Event: 17.172 GC heap after
{Heap after GC invocations=96 (full 3):
 PSYoungGen      total 8192K, used 2526K [0x00000000d5580000, 0x00000000d6180000, 0x0000000100000000)
  eden space 5120K, 0% used [0x00000000d5580000,0x00000000d5580000,0x00000000d5a80000)
  from space 3072K, 82% used [0x00000000d5a80000,0x00000000d5cf7b90,0x00000000d5d80000)
  to   space 3072K, 0% used [0x00000000d5e80000,0x00000000d5e80000,0x00000000d6180000)
 ParOldGen       total 145920K, used 145526K [0x0000000080000000, 0x0000000088e80000, 0x00000000d5580000)
  object space 145920K, 99% used [0x0000000080000000,0x0000000088e1daa8,0x0000000088e80000)
 Metaspace       used 64515K, committed 66048K, reserved 1114112K
  class space    used 6798K, committed 7488K, reserved 1048576K
}
Event: 17.181 GC heap before
{Heap before GC invocations=97 (full 3):
 PSYoungGen      total 8192K, used 7646K [0x00000000d5580000, 0x00000000d6180000, 0x0000000100000000)
  eden space 5120K, 100% used [0x00000000d5580000,0x00000000d5a80000,0x00000000d5a80000)
  from space 3072K, 82% used [0x00000000d5a80000,0x00000000d5cf7b90,0x00000000d5d80000)
  to   space 3072K, 0% used [0x00000000d5e80000,0x00000000d5e80000,0x00000000d6180000)
 ParOldGen       total 145920K, used 145526K [0x0000000080000000, 0x0000000088e80000, 0x00000000d5580000)
  object space 145920K, 99% used [0x0000000080000000,0x0000000088e1daa8,0x0000000088e80000)
 Metaspace       used 64516K, committed 66048K, reserved 1114112K
  class space    used 6798K, committed 7488K, reserved 1048576K
}
Event: 17.185 GC heap after
{Heap after GC invocations=97 (full 3):
 PSYoungGen      total 8704K, used 3028K [0x00000000d5580000, 0x00000000d6280000, 0x0000000100000000)
  eden space 5632K, 0% used [0x00000000d5580000,0x00000000d5580000,0x00000000d5b00000)
  from space 3072K, 98% used [0x00000000d5e80000,0x00000000d61750e0,0x00000000d6180000)
  to   space 3584K, 0% used [0x00000000d5b00000,0x00000000d5b00000,0x00000000d5e80000)
 ParOldGen       total 147968K, used 147877K [0x0000000080000000, 0x0000000089080000, 0x00000000d5580000)
  object space 147968K, 99% used [0x0000000080000000,0x00000000890696c8,0x0000000089080000)
 Metaspace       used 64516K, committed 66048K, reserved 1114112K
  class space    used 6798K, committed 7488K, reserved 1048576K
}
Event: 17.194 GC heap before
{Heap before GC invocations=98 (full 3):
 PSYoungGen      total 8704K, used 8660K [0x00000000d5580000, 0x00000000d6280000, 0x0000000100000000)
  eden space 5632K, 100% used [0x00000000d5580000,0x00000000d5b00000,0x00000000d5b00000)
  from space 3072K, 98% used [0x00000000d5e80000,0x00000000d61750e0,0x00000000d6180000)
  to   space 3584K, 0% used [0x00000000d5b00000,0x00000000d5b00000,0x00000000d5e80000)
 ParOldGen       total 147968K, used 147877K [0x0000000080000000, 0x0000000089080000, 0x00000000d5580000)
  object space 147968K, 99% used [0x0000000080000000,0x00000000890696c8,0x0000000089080000)
 Metaspace       used 64516K, committed 66048K, reserved 1114112K
  class space    used 6798K, committed 7488K, reserved 1048576K
}
Event: 17.199 GC heap after
{Heap after GC invocations=98 (full 3):
 PSYoungGen      total 9216K, used 3278K [0x00000000d5580000, 0x00000000d6380000, 0x0000000100000000)
  eden space 5632K, 0% used [0x00000000d5580000,0x00000000d5580000,0x00000000d5b00000)
  from space 3584K, 91% used [0x00000000d5b00000,0x00000000d5e33a68,0x00000000d5e80000)
  to   space 3584K, 0% used [0x00000000d6000000,0x00000000d6000000,0x00000000d6380000)
 ParOldGen       total 151040K, used 150550K [0x0000000080000000, 0x0000000089380000, 0x00000000d5580000)
  object space 151040K, 99% used [0x0000000080000000,0x00000000893059b8,0x0000000089380000)
 Metaspace       used 64516K, committed 66048K, reserved 1114112K
  class space    used 6798K, committed 7488K, reserved 1048576K
}
Event: 17.206 GC heap before
{Heap before GC invocations=99 (full 3):
 PSYoungGen      total 9216K, used 8910K [0x00000000d5580000, 0x00000000d6380000, 0x0000000100000000)
  eden space 5632K, 100% used [0x00000000d5580000,0x00000000d5b00000,0x00000000d5b00000)
  from space 3584K, 91% used [0x00000000d5b00000,0x00000000d5e33a68,0x00000000d5e80000)
  to   space 3584K, 0% used [0x00000000d6000000,0x00000000d6000000,0x00000000d6380000)
 ParOldGen       total 151040K, used 150550K [0x0000000080000000, 0x0000000089380000, 0x00000000d5580000)
  object space 151040K, 99% used [0x0000000080000000,0x00000000893059b8,0x0000000089380000)
 Metaspace       used 64517K, committed 66048K, reserved 1114112K
  class space    used 6798K, committed 7488K, reserved 1048576K
}
Event: 17.210 GC heap after
{Heap after GC invocations=99 (full 3):
 PSYoungGen      total 10240K, used 3569K [0x00000000d5580000, 0x00000000d6480000, 0x0000000100000000)
  eden space 6656K, 0% used [0x00000000d5580000,0x00000000d5580000,0x00000000d5c00000)
  from space 3584K, 99% used [0x00000000d6000000,0x00000000d637c440,0x00000000d6380000)
  to   space 4096K, 0% used [0x00000000d5c00000,0x00000000d5c00000,0x00000000d6000000)
 ParOldGen       total 153600K, used 153575K [0x0000000080000000, 0x0000000089600000, 0x00000000d5580000)
  object space 153600K, 99% used [0x0000000080000000,0x00000000895f9ca8,0x0000000089600000)
 Metaspace       used 64517K, committed 66048K, reserved 1114112K
  class space    used 6798K, committed 7488K, reserved 1048576K
}
Event: 17.225 GC heap before
{Heap before GC invocations=100 (full 3):
 PSYoungGen      total 10240K, used 10225K [0x00000000d5580000, 0x00000000d6480000, 0x0000000100000000)
  eden space 6656K, 100% used [0x00000000d5580000,0x00000000d5c00000,0x00000000d5c00000)
  from space 3584K, 99% used [0x00000000d6000000,0x00000000d637c440,0x00000000d6380000)
  to   space 4096K, 0% used [0x00000000d5c00000,0x00000000d5c00000,0x00000000d6000000)
 ParOldGen       total 153600K, used 153575K [0x0000000080000000, 0x0000000089600000, 0x00000000d5580000)
  object space 153600K, 99% used [0x0000000080000000,0x00000000895f9ca8,0x0000000089600000)
 Metaspace       used 64518K, committed 66048K, reserved 1114112K
  class space    used 6798K, committed 7488K, reserved 1048576K
}
Event: 17.229 GC heap after
{Heap after GC invocations=100 (full 3):
 PSYoungGen      total 10752K, used 3881K [0x00000000d5580000, 0x00000000d6580000, 0x0000000100000000)
  eden space 6656K, 0% used [0x00000000d5580000,0x00000000d5580000,0x00000000d5c00000)
  from space 4096K, 94% used [0x00000000d5c00000,0x00000000d5fca468,0x00000000d6000000)
  to   space 4096K, 0% used [0x00000000d6180000,0x00000000d6180000,0x00000000d6580000)
 ParOldGen       total 156672K, used 156163K [0x0000000080000000, 0x0000000089900000, 0x00000000d5580000)
  object space 156672K, 99% used [0x0000000080000000,0x0000000089880ec0,0x0000000089900000)
 Metaspace       used 64518K, committed 66048K, reserved 1114112K
  class space    used 6798K, committed 7488K, reserved 1048576K
}
Event: 17.256 GC heap before
{Heap before GC invocations=101 (full 3):
 PSYoungGen      total 10752K, used 10526K [0x00000000d5580000, 0x00000000d6580000, 0x0000000100000000)
  eden space 6656K, 99% used [0x00000000d5580000,0x00000000d5bfd770,0x00000000d5c00000)
  from space 4096K, 94% used [0x00000000d5c00000,0x00000000d5fca468,0x00000000d6000000)
  to   space 4096K, 0% used [0x00000000d6180000,0x00000000d6180000,0x00000000d6580000)
 ParOldGen       total 156672K, used 156163K [0x0000000080000000, 0x0000000089900000, 0x00000000d5580000)
  object space 156672K, 99% used [0x0000000080000000,0x0000000089880ec0,0x0000000089900000)
 Metaspace       used 64526K, committed 66048K, reserved 1114112K
  class space    used 6798K, committed 7488K, reserved 1048576K
}
Event: 17.260 GC heap after
{Heap after GC invocations=101 (full 3):
 PSYoungGen      total 10752K, used 2147K [0x00000000d5580000, 0x00000000d6400000, 0x0000000100000000)
  eden space 8192K, 0% used [0x00000000d5580000,0x00000000d5580000,0x00000000d5d80000)
  from space 2560K, 83% used [0x00000000d6180000,0x00000000d6398ff0,0x00000000d6400000)
  to   space 3072K, 0% used [0x00000000d5e00000,0x00000000d5e00000,0x00000000d6100000)
 ParOldGen       total 160256K, used 159883K [0x0000000080000000, 0x0000000089c80000, 0x00000000d5580000)
  object space 160256K, 99% used [0x0000000080000000,0x0000000089c22e20,0x0000000089c80000)
 Metaspace       used 64526K, committed 66048K, reserved 1114112K
  class space    used 6798K, committed 7488K, reserved 1048576K
}
Event: 17.311 GC heap before
{Heap before GC invocations=102 (full 3):
 PSYoungGen      total 10752K, used 10339K [0x00000000d5580000, 0x00000000d6400000, 0x0000000100000000)
  eden space 8192K, 100% used [0x00000000d5580000,0x00000000d5d80000,0x00000000d5d80000)
  from space 2560K, 83% used [0x00000000d6180000,0x00000000d6398ff0,0x00000000d6400000)
  to   space 3072K, 0% used [0x00000000d5e00000,0x00000000d5e00000,0x00000000d6100000)
 ParOldGen       total 160256K, used 159883K [0x0000000080000000, 0x0000000089c80000, 0x00000000d5580000)
  object space 160256K, 99% used [0x0000000080000000,0x0000000089c22e20,0x0000000089c80000)
 Metaspace       used 64621K, committed 66112K, reserved 1114112K
  class space    used 6826K, committed 7488K, reserved 1048576K
}
Event: 17.313 GC heap after
{Heap after GC invocations=102 (full 3):
 PSYoungGen      total 10752K, used 2095K [0x00000000d5580000, 0x00000000d6280000, 0x0000000100000000)
  eden space 8192K, 0% used [0x00000000d5580000,0x00000000d5580000,0x00000000d5d80000)
  from space 2560K, 81% used [0x00000000d5e00000,0x00000000d600bf00,0x00000000d6080000)
  to   space 2048K, 0% used [0x00000000d6080000,0x00000000d6080000,0x00000000d6280000)
 ParOldGen       total 162304K, used 161894K [0x0000000080000000, 0x0000000089e80000, 0x00000000d5580000)
  object space 162304K, 99% used [0x0000000080000000,0x0000000089e19ab8,0x0000000089e80000)
 Metaspace       used 64621K, committed 66112K, reserved 1114112K
  class space    used 6826K, committed 7488K, reserved 1048576K
}
Event: 17.627 GC heap before
{Heap before GC invocations=103 (full 3):
 PSYoungGen      total 10752K, used 10287K [0x00000000d5580000, 0x00000000d6280000, 0x0000000100000000)
  eden space 8192K, 100% used [0x00000000d5580000,0x00000000d5d80000,0x00000000d5d80000)
  from space 2560K, 81% used [0x00000000d5e00000,0x00000000d600bf00,0x00000000d6080000)
  to   space 2048K, 0% used [0x00000000d6080000,0x00000000d6080000,0x00000000d6280000)
 ParOldGen       total 162304K, used 161894K [0x0000000080000000, 0x0000000089e80000, 0x00000000d5580000)
  object space 162304K, 99% used [0x0000000080000000,0x0000000089e19ab8,0x0000000089e80000)
 Metaspace       used 64800K, committed 66304K, reserved 1114112K
  class space    used 6835K, committed 7488K, reserved 1048576K
}
Event: 17.629 GC heap after
{Heap after GC invocations=103 (full 3):
 PSYoungGen      total 10240K, used 1984K [0x00000000d5580000, 0x00000000d6280000, 0x0000000100000000)
  eden space 8192K, 0% used [0x00000000d5580000,0x00000000d5580000,0x00000000d5d80000)
  from space 2048K, 96% used [0x00000000d6080000,0x00000000d6270000,0x00000000d6280000)
  to   space 2048K, 0% used [0x00000000d5e80000,0x00000000d5e80000,0x00000000d6080000)
 ParOldGen       total 162304K, used 162238K [0x0000000080000000, 0x0000000089e80000, 0x00000000d5580000)
  object space 162304K, 99% used [0x0000000080000000,0x0000000089e6fab8,0x0000000089e80000)
 Metaspace       used 64800K, committed 66304K, reserved 1114112K
  class space    used 6835K, committed 7488K, reserved 1048576K
}

Dll operation events (11 events):
Event: 0.020 Loaded shared library c:\Users\italo\.vscode\extensions\redhat.java-1.54.0-win32-x64\jre\21.0.10-win32-x86_64\bin\java.dll
Event: 0.140 Loaded shared library c:\Users\italo\.vscode\extensions\redhat.java-1.54.0-win32-x64\jre\21.0.10-win32-x86_64\bin\zip.dll
Event: 0.177 Loaded shared library C:\Users\italo\.vscode\extensions\redhat.java-1.54.0-win32-x64\jre\21.0.10-win32-x86_64\bin\instrument.dll
Event: 0.186 Loaded shared library C:\Users\italo\.vscode\extensions\redhat.java-1.54.0-win32-x64\jre\21.0.10-win32-x86_64\bin\net.dll
Event: 0.191 Loaded shared library C:\Users\italo\.vscode\extensions\redhat.java-1.54.0-win32-x64\jre\21.0.10-win32-x86_64\bin\nio.dll
Event: 0.195 Loaded shared library C:\Users\italo\.vscode\extensions\redhat.java-1.54.0-win32-x64\jre\21.0.10-win32-x86_64\bin\zip.dll
Event: 0.217 Loaded shared library C:\Users\italo\.vscode\extensions\redhat.java-1.54.0-win32-x64\jre\21.0.10-win32-x86_64\bin\jimage.dll
Event: 0.336 Loaded shared library c:\Users\italo\.vscode\extensions\redhat.java-1.54.0-win32-x64\jre\21.0.10-win32-x86_64\bin\verify.dll
Event: 2.165 Loaded shared library C:\Users\italo\AppData\Roaming\Code\User\globalStorage\redhat.java\1.54.0\config_win\org.eclipse.equinox.launcher\org.eclipse.equinox.launcher.win32.win32.x86_64_1.3.0.v20260203-2149\eclipse_11919.dll
Event: 5.667 Loaded shared library C:\Users\italo\AppData\Local\Temp\jna-100522137\jna14596559631122301123.dll
Event: 16.742 Loaded shared library C:\Users\italo\.vscode\extensions\redhat.java-1.54.0-win32-x64\jre\21.0.10-win32-x86_64\bin\sunmscapi.dll

Deoptimization events (20 events):
Event: 31.961 Thread 0x000001ab9e584660 DEOPT PACKING pc=0x000001ab42482cae sp=0x00000026688ff030
Event: 31.961 Thread 0x000001ab9e584660 DEOPT UNPACKING pc=0x000001ab49074242 sp=0x00000026688fe588 mode 0
Event: 31.961 Thread 0x000001ab9e584660 DEOPT PACKING pc=0x000001ab42482cae sp=0x00000026688ff030
Event: 31.961 Thread 0x000001ab9e584660 DEOPT UNPACKING pc=0x000001ab49074242 sp=0x00000026688fe588 mode 0
Event: 31.962 Thread 0x000001ab9e584660 DEOPT PACKING pc=0x000001ab42482cae sp=0x00000026688ff030
Event: 31.962 Thread 0x000001ab9e584660 DEOPT UNPACKING pc=0x000001ab49074242 sp=0x00000026688fe588 mode 0
Event: 31.962 Thread 0x000001ab9e584660 DEOPT PACKING pc=0x000001ab42482cae sp=0x00000026688ff030
Event: 31.962 Thread 0x000001ab9e584660 DEOPT UNPACKING pc=0x000001ab49074242 sp=0x00000026688fe588 mode 0
Event: 31.962 Thread 0x000001ab9e584660 DEOPT PACKING pc=0x000001ab42482cae sp=0x00000026688ff030
Event: 31.962 Thread 0x000001ab9e584660 DEOPT UNPACKING pc=0x000001ab49074242 sp=0x00000026688fe588 mode 0
Event: 31.963 Thread 0x000001ab9e584660 DEOPT PACKING pc=0x000001ab42482cae sp=0x00000026688ff030
Event: 31.963 Thread 0x000001ab9e584660 DEOPT UNPACKING pc=0x000001ab49074242 sp=0x00000026688fe588 mode 0
Event: 31.963 Thread 0x000001ab9e584660 DEOPT PACKING pc=0x000001ab42482cae sp=0x00000026688ff030
Event: 31.963 Thread 0x000001ab9e584660 DEOPT UNPACKING pc=0x000001ab49074242 sp=0x00000026688fe588 mode 0
Event: 31.963 Thread 0x000001ab9e584660 DEOPT PACKING pc=0x000001ab42482cae sp=0x00000026688ff030
Event: 31.963 Thread 0x000001ab9e584660 DEOPT UNPACKING pc=0x000001ab49074242 sp=0x00000026688fe588 mode 0
Event: 31.963 Thread 0x000001ab9e584660 DEOPT PACKING pc=0x000001ab42482cae sp=0x00000026688ff030
Event: 31.963 Thread 0x000001ab9e584660 DEOPT UNPACKING pc=0x000001ab49074242 sp=0x00000026688fe588 mode 0
Event: 31.964 Thread 0x000001ab9e584660 DEOPT PACKING pc=0x000001ab42482cae sp=0x00000026688ff030
Event: 31.964 Thread 0x000001ab9e584660 DEOPT UNPACKING pc=0x000001ab49074242 sp=0x00000026688fe588 mode 0

Classes loaded (20 events):
Event: 17.003 Loading class java/util/AbstractList$RandomAccessSubList
Event: 17.005 Loading class java/util/AbstractList$SubList
Event: 17.006 Loading class java/util/AbstractList$SubList done
Event: 17.006 Loading class java/util/AbstractList$RandomAccessSubList done
Event: 17.006 Loading class java/util/AbstractList$SubList$1
Event: 17.007 Loading class java/util/AbstractList$SubList$1 done
Event: 17.326 Loading class java/nio/file/Files$2
Event: 17.326 Loading class java/nio/file/Files$2 done
Event: 17.380 Loading class java/util/stream/DistinctOps
Event: 17.381 Loading class java/util/stream/DistinctOps done
Event: 17.381 Loading class java/util/stream/DistinctOps$1
Event: 17.381 Loading class java/util/stream/DistinctOps$1 done
Event: 17.386 Loading class java/util/stream/DistinctOps$1$2
Event: 17.386 Loading class java/util/stream/DistinctOps$1$2 done
Event: 32.015 Loading class sun/nio/cs/ISO_8859_1$Encoder
Event: 32.015 Loading class sun/nio/cs/ISO_8859_1$Encoder done
Event: 32.015 Loading class sun/nio/cs/Surrogate$Parser
Event: 32.015 Loading class sun/nio/cs/Surrogate$Parser done
Event: 32.015 Loading class sun/nio/cs/Surrogate
Event: 32.015 Loading class sun/nio/cs/Surrogate done

Classes unloaded (9 events):
Event: 6.314 Thread 0x000001ab55a92750 Unloading class 0x000001ab571aac00 'java/lang/invoke/LambdaForm$MH+0x000001ab571aac00'
Event: 6.314 Thread 0x000001ab55a92750 Unloading class 0x000001ab571aa800 'java/lang/invoke/LambdaForm$MH+0x000001ab571aa800'
Event: 6.314 Thread 0x000001ab55a92750 Unloading class 0x000001ab571aa400 'java/lang/invoke/LambdaForm$MH+0x000001ab571aa400'
Event: 6.314 Thread 0x000001ab55a92750 Unloading class 0x000001ab571aa000 'java/lang/invoke/LambdaForm$MH+0x000001ab571aa000'
Event: 6.314 Thread 0x000001ab55a92750 Unloading class 0x000001ab571a9c00 'java/lang/invoke/LambdaForm$BMH+0x000001ab571a9c00'
Event: 6.314 Thread 0x000001ab55a92750 Unloading class 0x000001ab571a9800 'java/lang/invoke/LambdaForm$DMH+0x000001ab571a9800'
Event: 6.314 Thread 0x000001ab55a92750 Unloading class 0x000001ab571a8400 'java/lang/invoke/LambdaForm$DMH+0x000001ab571a8400'
Event: 15.419 Thread 0x000001ab55a92750 Unloading class 0x000001ab576c4800 'java/lang/invoke/LambdaForm$DMH+0x000001ab576c4800'
Event: 15.419 Thread 0x000001ab55a92750 Unloading class 0x000001ab576c4400 'java/lang/invoke/LambdaForm$DMH+0x000001ab576c4400'

Classes redefined (0 events):
No events

Internal exceptions (20 events):
Event: 16.790 Thread 0x000001aba11e3560 Exception <a 'sun/nio/fs/WindowsException'{0x00000000d61f1150}> (0x00000000d61f1150) 
thrown [s\src\hotspot\share\prims\jni.cpp, line 520]
Event: 16.887 Thread 0x000001ab982e14a0 Exception <a 'sun/nio/fs/WindowsException'{0x00000000d6147688}> (0x00000000d6147688) 
thrown [s\src\hotspot\share\prims\jni.cpp, line 520]
Event: 16.887 Thread 0x000001ab982e14a0 Exception <a 'sun/nio/fs/WindowsException'{0x00000000d61481d8}> (0x00000000d61481d8) 
thrown [s\src\hotspot\share\prims\jni.cpp, line 520]
Event: 16.895 Thread 0x000001ab982e14a0 Exception <a 'sun/nio/fs/WindowsException'{0x00000000d6173788}> (0x00000000d6173788) 
thrown [s\src\hotspot\share\prims\jni.cpp, line 520]
Event: 16.896 Thread 0x000001ab982e14a0 Exception <a 'sun/nio/fs/WindowsException'{0x00000000d6174278}> (0x00000000d6174278) 
thrown [s\src\hotspot\share\prims\jni.cpp, line 520]
Event: 16.917 Thread 0x000001ab9f31d560 Exception <a 'java/lang/NoSuchMethodError'{0x00000000d61dda20}: 'java.lang.Object java.lang.invoke.DirectMethodHandle$Holder.invokeStaticInit(java.lang.Object, java.lang.Object, java.lang.Object)'> (0x00000000d61dda20) 
thrown [s\src\hotspot\share\interpreter\linkResolver.cpp, line 773]
Event: 16.925 Thread 0x000001ab982e14a0 Exception <a 'java/lang/NoSuchMethodError'{0x00000000d6240d38}: method resolution failed> (0x00000000d6240d38) 
thrown [s\src\hotspot\share\prims\methodHandles.cpp, line 1136]
Event: 17.009 Thread 0x000001ab9f31a770 Exception <a 'sun/nio/fs/WindowsException'{0x00000000d5b301e8}> (0x00000000d5b301e8) 
thrown [s\src\hotspot\share\prims\jni.cpp, line 520]
Event: 17.009 Thread 0x000001ab9f31a770 Exception <a 'sun/nio/fs/WindowsException'{0x00000000d5b63620}> (0x00000000d5b63620) 
thrown [s\src\hotspot\share\prims\jni.cpp, line 520]
Event: 17.010 Thread 0x000001ab9f31a770 Exception <a 'sun/nio/fs/WindowsException'{0x00000000d5b93f50}> (0x00000000d5b93f50) 
thrown [s\src\hotspot\share\prims\jni.cpp, line 520]
Event: 17.010 Thread 0x000001ab9f31a770 Exception <a 'sun/nio/fs/WindowsException'{0x00000000d5bb9050}> (0x00000000d5bb9050) 
thrown [s\src\hotspot\share\prims\jni.cpp, line 520]
Event: 17.011 Thread 0x000001ab9f31a770 Exception <a 'sun/nio/fs/WindowsException'{0x00000000d5be6878}> (0x00000000d5be6878) 
thrown [s\src\hotspot\share\prims\jni.cpp, line 520]
Event: 17.012 Thread 0x000001ab9f31a770 Exception <a 'sun/nio/fs/WindowsException'{0x00000000d5c0d308}> (0x00000000d5c0d308) 
thrown [s\src\hotspot\share\prims\jni.cpp, line 520]
Event: 17.022 Thread 0x000001ab9f31a770 Exception <a 'sun/nio/fs/WindowsException'{0x00000000d5f0e408}> (0x00000000d5f0e408) 
thrown [s\src\hotspot\share\prims\jni.cpp, line 520]
Event: 17.022 Thread 0x000001ab9f31a770 Exception <a 'sun/nio/fs/WindowsException'{0x00000000d5f34b68}> (0x00000000d5f34b68) 
thrown [s\src\hotspot\share\prims\jni.cpp, line 520]
Event: 18.842 Thread 0x000001aba0205f10 Exception <a 'java/lang/IncompatibleClassChangeError'{0x00000000d5604288}: Found class java.lang.Object, but interface was expected> (0x00000000d5604288) 
thrown [s\src\hotspot\share\interpreter\linkResolver.cpp, line 840]
Event: 23.187 Thread 0x000001ab982e14a0 Exception <a 'sun/nio/fs/WindowsException'{0x00000000d56cc9b0}> (0x00000000d56cc9b0) 
thrown [s\src\hotspot\share\prims\jni.cpp, line 520]
Event: 23.188 Thread 0x000001ab982e14a0 Exception <a 'sun/nio/fs/WindowsException'{0x00000000d56cd498}> (0x00000000d56cd498) 
thrown [s\src\hotspot\share\prims\jni.cpp, line 520]
Event: 23.190 Thread 0x000001ab982e14a0 Exception <a 'sun/nio/fs/WindowsException'{0x00000000d56e6540}> (0x00000000d56e6540) 
thrown [s\src\hotspot\share\prims\jni.cpp, line 520]
Event: 23.190 Thread 0x000001ab982e14a0 Exception <a 'sun/nio/fs/WindowsException'{0x00000000d56e6de8}> (0x00000000d56e6de8) 
thrown [s\src\hotspot\share\prims\jni.cpp, line 520]

ZGC Phase Switch (0 events):
No events

VM Operations (20 events):
Event: 36.769 Executing safepoint VM operation: Cleanup
Event: 36.769 Executing safepoint VM operation: Cleanup done
Event: 60.177 Executing non-safepoint VM operation: HandshakeAllThreads (HandshakeForDeflation)
Event: 60.178 Executing non-safepoint VM operation: HandshakeAllThreads (HandshakeForDeflation) done
Event: 60.178 Executing non-safepoint VM operation: RendezvousGCThreads
Event: 60.178 Executing non-safepoint VM operation: RendezvousGCThreads done
Event: 120.202 Executing non-safepoint VM operation: HandshakeAllThreads (HandshakeForDeflation)
Event: 120.202 Executing non-safepoint VM operation: HandshakeAllThreads (HandshakeForDeflation) done
Event: 120.202 Executing non-safepoint VM operation: RendezvousGCThreads
Event: 120.202 Executing non-safepoint VM operation: RendezvousGCThreads done
Event: 240.514 Executing non-safepoint VM operation: HandshakeAllThreads (HandshakeForDeflation)
Event: 240.514 Executing non-safepoint VM operation: HandshakeAllThreads (HandshakeForDeflation) done
Event: 240.514 Executing non-safepoint VM operation: RendezvousGCThreads
Event: 240.514 Executing non-safepoint VM operation: RendezvousGCThreads done
Event: 272.692 Executing safepoint VM operation: Cleanup
Event: 272.692 Executing safepoint VM operation: Cleanup done
Event: 286.700 Executing safepoint VM operation: Cleanup
Event: 286.700 Executing safepoint VM operation: Cleanup done
Event: 287.705 Executing safepoint VM operation: Cleanup
Event: 287.705 Executing safepoint VM operation: Cleanup done

Memory protections (0 events):
No events

Nmethod flushes (20 events):
Event: 15.454 Thread 0x000001ab55a92750 flushing  nmethod 0x000001ab42574110
Event: 15.454 Thread 0x000001ab55a92750 flushing  nmethod 0x000001ab42577d10
Event: 15.454 Thread 0x000001ab55a92750 flushing  nmethod 0x000001ab42590590
Event: 15.454 Thread 0x000001ab55a92750 flushing  nmethod 0x000001ab42591510
Event: 15.454 Thread 0x000001ab55a92750 flushing  nmethod 0x000001ab42595210
Event: 15.454 Thread 0x000001ab55a92750 flushing  nmethod 0x000001ab425a2190
Event: 15.454 Thread 0x000001ab55a92750 flushing  nmethod 0x000001ab425a7290
Event: 15.454 Thread 0x000001ab55a92750 flushing  nmethod 0x000001ab425b3290
Event: 15.454 Thread 0x000001ab55a92750 flushing  nmethod 0x000001ab42621690
Event: 15.454 Thread 0x000001ab55a92750 flushing  nmethod 0x000001ab4262bd90
Event: 15.454 Thread 0x000001ab55a92750 flushing  nmethod 0x000001ab4262d690
Event: 15.454 Thread 0x000001ab55a92750 flushing  nmethod 0x000001ab4262f190
Event: 15.454 Thread 0x000001ab55a92750 flushing  nmethod 0x000001ab4262f610
Event: 15.454 Thread 0x000001ab55a92750 flushing  nmethod 0x000001ab4262f990
Event: 15.454 Thread 0x000001ab55a92750 flushing  nmethod 0x000001ab42630390
Event: 15.454 Thread 0x000001ab55a92750 flushing  nmethod 0x000001ab42632b10
Event: 15.454 Thread 0x000001ab55a92750 flushing  nmethod 0x000001ab4263c810
Event: 15.454 Thread 0x000001ab55a92750 flushing  nmethod 0x000001ab4265a710
Event: 15.454 Thread 0x000001ab55a92750 flushing  nmethod 0x000001ab4265aa90
Event: 15.454 Thread 0x000001ab55a92750 flushing  nmethod 0x000001ab4265ae90

Events (20 events):
Event: 18.845 Thread 0x000001aba10a81a0 Thread exited: 0x000001aba10a81a0
Event: 18.847 Thread 0x000001ab9ec7a8c0 Thread exited: 0x000001ab9ec7a8c0
Event: 18.847 Thread 0x000001ab9ec79b20 Thread exited: 0x000001ab9ec79b20
Event: 22.965 Thread 0x000001ab98185b00 Thread exited: 0x000001ab98185b00
Event: 23.201 Thread 0x000001ab3d38e910 Thread added: 0x000001aba10a9610
Event: 31.936 Thread 0x000001aba10a9610 Thread exited: 0x000001aba10a9610
Event: 31.939 Thread 0x000001ab3d38e910 Thread added: 0x000001aba10a81a0
Event: 31.939 Thread 0x000001ab3d38e910 Thread added: 0x000001aba10a9ce0
Event: 31.952 Thread 0x000001ab3d38e910 Thread added: 0x000001aba10aaa80
Event: 36.711 Thread 0x000001aba10aaa80 Thread exited: 0x000001aba10aaa80
Event: 36.711 Thread 0x000001aba10a9ce0 Thread exited: 0x000001aba10a9ce0
Event: 41.719 Thread 0x000001aba10a81a0 Thread exited: 0x000001aba10a81a0
Event: 82.994 Thread 0x000001ab982e3c00 Thread exited: 0x000001ab982e3c00
Event: 83.196 Thread 0x000001ab982e3570 Thread exited: 0x000001ab982e3570
Event: 96.725 Thread 0x000001ab9f31a770 Thread exited: 0x000001ab9f31a770
Event: 144.755 Thread 0x000001ab982e4290 Thread exited: 0x000001ab982e4290
Event: 156.730 Thread 0x000001ab9f318010 Thread exited: 0x000001ab9f318010
Event: 216.735 Thread 0x000001ab9f319a50 Thread exited: 0x000001ab9f319a50
Event: 276.740 Thread 0x000001ab9f31d560 Thread exited: 0x000001ab9f31d560
Event: 287.268 Thread 0x000001ab3d38e910 Thread added: 0x000001aba10a9ce0


Dynamic libraries:
0x00007ff6c1930000 - 0x00007ff6c193e000 	c:\Users\italo\.vscode\extensions\redhat.java-1.54.0-win32-x64\jre\21.0.10-win32-x86_64\bin\java.exe
0x00007fff536e0000 - 0x00007fff53946000 	C:\WINDOWS\SYSTEM32\ntdll.dll
0x00007fff52070000 - 0x00007fff52139000 	C:\WINDOWS\System32\KERNEL32.DLL
0x00007fff50ab0000 - 0x00007fff50eaa000 	C:\WINDOWS\System32\KERNELBASE.dll
0x00007fff50f60000 - 0x00007fff510ac000 	C:\WINDOWS\System32\ucrtbase.dll
0x00007fff3a8f0000 - 0x00007fff3a90e000 	c:\Users\italo\.vscode\extensions\redhat.java-1.54.0-win32-x64\jre\21.0.10-win32-x86_64\bin\VCRUNTIME140.dll
0x00007fff39670000 - 0x00007fff39688000 	c:\Users\italo\.vscode\extensions\redhat.java-1.54.0-win32-x64\jre\21.0.10-win32-x86_64\bin\jli.dll
0x00007fff533d0000 - 0x00007fff53597000 	C:\WINDOWS\System32\USER32.dll
0x00007fff3d3c0000 - 0x00007fff3d652000 	C:\WINDOWS\WinSxS\amd64_microsoft.windows.common-controls_6595b64144ccf1df_6.0.26100.8521_none_3e08b75ce33403b3\COMCTL32.dll
0x00007fff512a0000 - 0x00007fff512c7000 	C:\WINDOWS\System32\win32u.dll
0x00007fff52a80000 - 0x00007fff52b29000 	C:\WINDOWS\System32\msvcrt.dll
0x00007fff51b10000 - 0x00007fff51b3b000 	C:\WINDOWS\System32\GDI32.dll
0x00007fff51170000 - 0x00007fff5129b000 	C:\WINDOWS\System32\gdi32full.dll
0x00007fff50eb0000 - 0x00007fff50f53000 	C:\WINDOWS\System32\msvcp_win.dll
0x00007fff52030000 - 0x00007fff52062000 	C:\WINDOWS\System32\IMM32.DLL
0x00007fff3cbe0000 - 0x00007fff3cbec000 	c:\Users\italo\.vscode\extensions\redhat.java-1.54.0-win32-x64\jre\21.0.10-win32-x86_64\bin\vcruntime140_1.dll
0x00007fff30670000 - 0x00007fff306fd000 	c:\Users\italo\.vscode\extensions\redhat.java-1.54.0-win32-x64\jre\21.0.10-win32-x86_64\bin\msvcp140.dll
0x00007ffe83f80000 - 0x00007ffe84d21000 	c:\Users\italo\.vscode\extensions\redhat.java-1.54.0-win32-x64\jre\21.0.10-win32-x86_64\bin\server\jvm.dll
0x00007fff51f70000 - 0x00007fff52026000 	C:\WINDOWS\System32\ADVAPI32.dll
0x00007fff53290000 - 0x00007fff5333a000 	C:\WINDOWS\System32\sechost.dll
0x00007fff51d20000 - 0x00007fff51e38000 	C:\WINDOWS\System32\RPCRT4.dll
0x00007fff52d70000 - 0x00007fff52df0000 	C:\WINDOWS\System32\WS2_32.dll
0x00007fff49550000 - 0x00007fff4955b000 	C:\WINDOWS\SYSTEM32\VERSION.dll
0x00007fff507d0000 - 0x00007fff5082e000 	C:\WINDOWS\SYSTEM32\POWRPROF.dll
0x00007fff47830000 - 0x00007fff47866000 	C:\WINDOWS\SYSTEM32\WINMM.dll
0x00007fff507b0000 - 0x00007fff507c4000 	C:\WINDOWS\SYSTEM32\UMPDC.dll
0x00007fff4f660000 - 0x00007fff4f67b000 	C:\WINDOWS\SYSTEM32\kernel.appcore.dll
0x00007fff3ca50000 - 0x00007fff3ca5a000 	c:\Users\italo\.vscode\extensions\redhat.java-1.54.0-win32-x64\jre\21.0.10-win32-x86_64\bin\jimage.dll
0x00007fff4dd30000 - 0x00007fff4df72000 	C:\WINDOWS\SYSTEM32\DBGHELP.DLL
0x00007fff51450000 - 0x00007fff517d3000 	C:\WINDOWS\System32\combase.dll
0x00007fff51e60000 - 0x00007fff51f39000 	C:\WINDOWS\System32\OLEAUT32.dll
0x00007fff3ed40000 - 0x00007fff3ed7b000 	C:\WINDOWS\SYSTEM32\dbgcore.DLL
0x00007fff50970000 - 0x00007fff50a18000 	C:\WINDOWS\System32\bcryptPrimitives.dll
0x00007fff3ab30000 - 0x00007fff3ab3f000 	c:\Users\italo\.vscode\extensions\redhat.java-1.54.0-win32-x64\jre\21.0.10-win32-x86_64\bin\instrument.dll
0x00007fff39650000 - 0x00007fff39670000 	c:\Users\italo\.vscode\extensions\redhat.java-1.54.0-win32-x64\jre\21.0.10-win32-x86_64\bin\java.dll
0x00007fff522f0000 - 0x00007fff52a74000 	C:\WINDOWS\System32\SHELL32.dll
0x00007fff4e520000 - 0x00007fff4eda0000 	C:\WINDOWS\SYSTEM32\windows.storage.dll
0x00007fff51920000 - 0x00007fff51a16000 	C:\WINDOWS\System32\SHCORE.dll
0x00007fff52d00000 - 0x00007fff52d67000 	C:\WINDOWS\System32\shlwapi.dll
0x00007fff50890000 - 0x00007fff508b9000 	C:\WINDOWS\SYSTEM32\profapi.dll
0x00007fff39630000 - 0x00007fff39648000 	c:\Users\italo\.vscode\extensions\redhat.java-1.54.0-win32-x64\jre\21.0.10-win32-x86_64\bin\zip.dll
0x00007fff39620000 - 0x00007fff39630000 	C:\Users\italo\.vscode\extensions\redhat.java-1.54.0-win32-x64\jre\21.0.10-win32-x86_64\bin\net.dll
0x00007fff47eb0000 - 0x00007fff47fd9000 	C:\WINDOWS\SYSTEM32\WINHTTP.dll
0x00007fff4fc70000 - 0x00007fff4fcdc000 	C:\WINDOWS\system32\mswsock.dll
0x00007fff38620000 - 0x00007fff38636000 	C:\Users\italo\.vscode\extensions\redhat.java-1.54.0-win32-x64\jre\21.0.10-win32-x86_64\bin\nio.dll
0x00007fff38c30000 - 0x00007fff38c40000 	c:\Users\italo\.vscode\extensions\redhat.java-1.54.0-win32-x64\jre\21.0.10-win32-x86_64\bin\verify.dll
0x00007fff38440000 - 0x00007fff38485000 	C:\Users\italo\AppData\Roaming\Code\User\globalStorage\redhat.java\1.54.0\config_win\org.eclipse.equinox.launcher\org.eclipse.equinox.launcher.win32.win32.x86_64_1.3.0.v20260203-2149\eclipse_11919.dll
0x00007fff52b30000 - 0x00007fff52cc8000 	C:\WINDOWS\System32\ole32.dll
0x00007fff4ff50000 - 0x00007fff4ff6b000 	C:\WINDOWS\SYSTEM32\CRYPTSP.dll
0x00007fff4f680000 - 0x00007fff4f6b9000 	C:\WINDOWS\system32\rsaenh.dll
0x00007fff4fd20000 - 0x00007fff4fd53000 	C:\WINDOWS\SYSTEM32\USERENV.dll
0x00007fff50860000 - 0x00007fff5088a000 	C:\WINDOWS\SYSTEM32\bcrypt.dll
0x00007fff4ff70000 - 0x00007fff4ff7c000 	C:\WINDOWS\SYSTEM32\CRYPTBASE.dll
0x00007fff4f0c0000 - 0x00007fff4f0f3000 	C:\WINDOWS\SYSTEM32\IPHLPAPI.DLL
0x00007fff51f40000 - 0x00007fff51f4a000 	C:\WINDOWS\System32\NSI.dll
0x00007fff30140000 - 0x00007fff30189000 	C:\Users\italo\AppData\Local\Temp\jna-100522137\jna14596559631122301123.dll
0x00007fff51f50000 - 0x00007fff51f58000 	C:\WINDOWS\System32\PSAPI.DLL
0x00007fff482f0000 - 0x00007fff4830d000 	C:\WINDOWS\SYSTEM32\dhcpcsvc6.DLL
0x00007fff47800000 - 0x00007fff47825000 	C:\WINDOWS\SYSTEM32\dhcpcsvc.DLL
0x00007fff385c0000 - 0x00007fff385ce000 	C:\Users\italo\.vscode\extensions\redhat.java-1.54.0-win32-x64\jre\21.0.10-win32-x86_64\bin\sunmscapi.dll
0x00007fff512d0000 - 0x00007fff51448000 	C:\WINDOWS\System32\CRYPT32.dll
0x00007fff50170000 - 0x00007fff501a0000 	C:\WINDOWS\SYSTEM32\ncrypt.dll
0x00007fff50120000 - 0x00007fff5015f000 	C:\WINDOWS\SYSTEM32\NTASN1.dll

JVMTI agents:
c:\Users\italo\.vscode\extensions\redhat.java-1.54.0-win32-x64\lombok\lombok-1.18.39-4050.jar path:c:\Users\italo\.vscode\extensions\redhat.java-1.54.0-win32-x64\jre\21.0.10-win32-x86_64\bin\instrument.dll, loaded, initialized, instrumentlib options:none

dbghelp: loaded successfully - version: 4.0.5 - missing functions: none
symbol engine: initialized successfully - sym options: 0x614 - pdb path: .;c:\Users\italo\.vscode\extensions\redhat.java-1.54.0-win32-x64\jre\21.0.10-win32-x86_64\bin;C:\WINDOWS\SYSTEM32;C:\WINDOWS\WinSxS\amd64_microsoft.windows.common-controls_6595b64144ccf1df_6.0.26100.8521_none_3e08b75ce33403b3;c:\Users\italo\.vscode\extensions\redhat.java-1.54.0-win32-x64\jre\21.0.10-win32-x86_64\bin\server;C:\Users\italo\AppData\Roaming\Code\User\globalStorage\redhat.java\1.54.0\config_win\org.eclipse.equinox.launcher\org.eclipse.equinox.launcher.win32.win32.x86_64_1.3.0.v20260203-2149;C:\Users\italo\AppData\Local\Temp\jna-100522137

VM Arguments:
jvm_args: --add-modules=ALL-SYSTEM --add-opens=java.base/java.util=ALL-UNNAMED --add-opens=java.base/java.lang=ALL-UNNAMED --add-opens=java.base/sun.nio.fs=ALL-UNNAMED -Declipse.application=org.eclipse.jdt.ls.core.id1 -Dosgi.bundles.defaultStartLevel=4 -Declipse.product=org.eclipse.jdt.ls.core.product -Djava.import.generatesMetadataFilesAtProjectRoot=false -DDetectVMInstallationsJob.disabled=true -Dfile.encoding=utf8 -XX:+UseParallelGC -XX:GCTimeRatio=4 -XX:AdaptiveSizePolicyWeight=90 -Dsun.zip.disableMemoryMapping=true -Xmx2G -Xms100m -Xlog:disable -javaagent:c:\Users\italo\.vscode\extensions\redhat.java-1.54.0-win32-x64\lombok\lombok-1.18.39-4050.jar -XX:+HeapDumpOnOutOfMemoryError -XX:HeapDumpPath=c:\Users\italo\AppData\Roaming\Code\User\workspaceStorage\94296e4c035721a77ae9e0e195f42263\redhat.java -Daether.dependencyCollector.impl=bf 
java_command: c:\Users\italo\.vscode\extensions\redhat.java-1.54.0-win32-x64\server\plugins\org.eclipse.equinox.launcher_1.7.100.v20251111-0406.jar -configuration c:\Users\italo\AppData\Roaming\Code\User\globalStorage\redhat.java\1.54.0\config_win -data c:\Users\italo\AppData\Roaming\Code\User\workspaceStorage\94296e4c035721a77ae9e0e195f42263\redhat.java\jdt_ws --pipe=\\.\pipe\lsp-5511e2c8bff2c3acf139237d590e8b4e-sock
java_class_path (initial): c:\Users\italo\.vscode\extensions\redhat.java-1.54.0-win32-x64\server\plugins\org.eclipse.equinox.launcher_1.7.100.v20251111-0406.jar
Launcher Type: SUN_STANDARD

[Global flags]
    uintx AdaptiveSizePolicyWeight                 = 90                                        {product} {command line}
     intx CICompilerCount                          = 12                                        {product} {ergonomic}
    uintx GCTimeRatio                              = 4                                         {product} {command line}
     bool HeapDumpOnOutOfMemoryError               = true                                   {manageable} {command line}
    ccstr HeapDumpPath                             = c:\Users\italo\AppData\Roaming\Code\User\workspaceStorage\94296e4c035721a77ae9e0e195f42263\redhat.java         {manageable} {command line}
   size_t InitialHeapSize                          = 104857600                                 {product} {command line}
   size_t MaxHeapSize                              = 2147483648                                {product} {command line}
   size_t MaxNewSize                               = 715653120                                 {product} {ergonomic}
   size_t MinHeapDeltaBytes                        = 524288                                    {product} {ergonomic}
   size_t MinHeapSize                              = 104857600                                 {product} {command line}
   size_t NewSize                                  = 34603008                                  {product} {ergonomic}
    uintx NonNMethodCodeHeapSize                   = 7602480                                {pd product} {ergonomic}
    uintx NonProfiledCodeHeapSize                  = 122027880                              {pd product} {ergonomic}
   size_t OldSize                                  = 70254592                                  {product} {ergonomic}
    uintx ProfiledCodeHeapSize                     = 122027880                              {pd product} {ergonomic}
    uintx ReservedCodeCacheSize                    = 251658240                              {pd product} {ergonomic}
     bool SegmentedCodeCache                       = true                                      {product} {ergonomic}
   size_t SoftMaxHeapSize                          = 2147483648                             {manageable} {ergonomic}
     bool UseCompressedOops                        = true                           {product lp64_product} {ergonomic}
     bool UseLargePagesIndividualAllocation        = false                                  {pd product} {ergonomic}
     bool UseParallelGC                            = true                                      {product} {command line}

Logging:
Log output configuration:
 #0: stdout all=off uptime,level,tags foldmultilines=false
 #1: stderr all=off uptime,level,tags foldmultilines=false

Release file:
JAVA_VERSION="21.0.10" 
MODULES="java.base java.compiler java.datatransfer java.xml java.prefs java.desktop java.instrument java.logging java.management java.security.sasl java.naming java.rmi java.management.rmi java.net.http java.scripting java.security.jgss java.transaction.xa java.sql java.sql.rowset java.xml.crypto java.se java.smartcardio jdk.accessibility jdk.internal.jvmstat jdk.attach jdk.charsets jdk.internal.opt jdk.zipfs jdk.compiler jdk.crypto.ec jdk.crypto.cryptoki jdk.crypto.mscapi jdk.dynalink jdk.internal.ed jdk.editpad jdk.hotspot.agent jdk.httpserver jdk.internal.le jdk.internal.vm.ci jdk.internal.vm.compiler jdk.internal.vm.compiler.management jdk.jartool jdk.javadoc jdk.jcmd jdk.management jdk.management.agent jdk.jconsole jdk.jdeps jdk.jdwp.agent jdk.jdi jdk.jfr jdk.jshell jdk.jsobject jdk.jstatd jdk.localedata jdk.management.jfr jdk.naming.dns jdk.naming.rmi jdk.net jdk.nio.mapmode jdk.random jdk.sctp jdk.security.auth jdk.security.jgss jdk.unsupported jdk.unsupported.desktop jdk.xml.dom" 

Environment Variables:
JAVA_HOME=C:\Program Files\jdk-14.0.2
PATH=C:\Program Files\Common Files\Oracle\Java\javapath;C:\WINDOWS\system32;C:\WINDOWS;C:\WINDOWS\System32\Wbem;C:\WINDOWS\System32\WindowsPowerShell\v1.0\;C:\WINDOWS\System32\OpenSSH\;C:\Program Files\nodejs\;C:\Program Files\dotnet\;C:\Program Files\jdk-14.0.2\bin;C:\Program Files\Git\cmd;C:\Program Files\Go\bin;C:\Users\italo\AppData\Local\Microsoft\WindowsApps;C:\Users\italo\AppData\Local\Programs\Microsoft VS Code\bin;C:\Users\italo\AppData\Roaming\npm;C:\Users\italo\AppData\Local\GitHubDesktop\bin;C:\Users\italo\go\bin;C:\Users\italo\AppData\Local\PowerToys\DSCModules\
USERNAME=italo
OS=Windows_NT
PROCESSOR_IDENTIFIER=AMD64 Family 23 Model 104 Stepping 1, AuthenticAMD
TMP=C:\Users\italo\AppData\Local\Temp
TEMP=C:\Users\italo\AppData\Local\Temp




Periodic native trim disabled

---------------  S Y S T E M  ---------------

OS:
 Windows 11 , 64 bit Build 26100 (10.0.26100.8521)
OS uptime: 0 days 1:02 hours
Hyper-V role detected

CPU: total 16 (initial active 16) (16 cores per cpu, 2 threads per core) family 23 model 104 stepping 1 microcode 0x8608103, cx8, cmov, fxsr, ht, mmx, 3dnowpref, sse, sse2, sse3, ssse3, sse4a, sse4.1, sse4.2, popcnt, lzcnt, tsc, tscinvbit, avx, avx2, aes, clmul, bmi1, bmi2, adx, sha, fma, vzeroupper, clflush, clflushopt, hv, rdtscp, rdpid, f16c
Processor Information for the first 16 processors :
  Max Mhz: 1801, Current Mhz: 1801, Mhz Limit: 1801

Memory: 4k page, system-wide physical 5989M (945M free)
TotalPageFile size 24421M (AvailPageFile size 50M)
current process WorkingSet (physical memory assigned to process): 46M, peak: 420M
current process commit charge ("private bytes"): 456M, peak: 504M

vm_info: OpenJDK 64-Bit Server VM (21.0.10+7-LTS) for windows-amd64 JRE (21.0.10+7-LTS), built on 2026-01-20T00:00:00Z by "admin" with MS VC++ 17.12 (VS2022)

END.
